Build started 4/19/2013 2:39:39 PM.
     1>Project "C:\Users\Administrator\Documents\GitHub\SpeechRecognition\ANN\ann1Dn.vcxproj" on node 2 (build target(s)).
     1>InitializeBuildStatus:
         Creating "Debug\ann1Dn.unsuccessfulbuild" because "AlwaysCreate" was specified.
       ClCompile:
         C:\Program Files (x86)\Microsoft Visual Studio 10.0\VC\bin\CL.exe /c /ZI /nologo /W3 /WX- /Od /Oy- /D WIN32 /D _DEBUG /D _CONSOLE /D _VC80_UPGRADE=0x0710 /D _UNICODE /D UNICODE /Gm /EHsc /RTC1 /MTd /GS /fp:precise /Zc:wchar_t /Zc:forScope /Yc"StdAfx.h" /Fp"Debug\ann1Dn.pch" /Fo"Debug\\" /Fd"Debug\vc100.pdb" /Gd /TP /analyze- /errorReport:prompt stdafx.cpp
         stdafx.cpp
         C:\Program Files (x86)\Microsoft Visual Studio 10.0\VC\bin\CL.exe /c /ZI /nologo /W3 /WX- /Od /Oy- /D WIN32 /D _DEBUG /D _CONSOLE /D _VC80_UPGRADE=0x0710 /D _UNICODE /D UNICODE /Gm /EHsc /RTC1 /MTd /GS /fp:precise /Zc:wchar_t /Zc:forScope /Yu"StdAfx.h" /Fp"Debug\ann1Dn.pch" /Fo"Debug\\" /Fd"Debug\vc100.pdb" /Gd /TP /analyze- /errorReport:prompt ann1Dn.cpp trace.cpp Lib\signal.cpp LibNN\network.cpp LibNN\neuron.cpp
         neuron.cpp
         network.cpp
         signal.cpp
         trace.cpp
         ann1Dn.cpp
         Generating Code...
       ManifestResourceCompile:
         C:\Program Files (x86)\Microsoft SDKs\Windows\v7.0A\bin\rc.exe /nologo /fo"Debug\ann1Dn.exe.embed.manifest.res" Debug\ann1Dn_manifest.rc 
       Link:
         C:\Program Files (x86)\Microsoft Visual Studio 10.0\VC\bin\link.exe /ERRORREPORT:PROMPT /OUT:"Debug\ann1Dn.exe" /INCREMENTAL /NOLOGO kernel32.lib user32.lib gdi32.lib winspool.lib comdlg32.lib advapi32.lib shell32.lib ole32.lib oleaut32.lib uuid.lib odbc32.lib odbccp32.lib /MANIFEST /ManifestFile:"Debug\ann1Dn.exe.intermediate.manifest" /MANIFESTUAC:"level='asInvoker' uiAccess='false'" /DEBUG /PDB:"Debug\ann1Dn.pdb" /SUBSYSTEM:CONSOLE /TLBID:1 /DYNAMICBASE /NXCOMPAT /IMPLIB:"Debug\ann1Dn.lib" /MACHINE:X86 Debug\ann1Dn.exe.embed.manifest.res
         Debug\ann1Dn.obj
         Debug\stdafx.obj
         Debug\trace.obj
         Debug\signal.obj
         Debug\network.obj
         Debug\neuron.obj
       Manifest:
         C:\Program Files (x86)\Microsoft SDKs\Windows\v7.0A\bin\mt.exe /nologo /verbose /out:"Debug\ann1Dn.exe.embed.manifest" /manifest Debug\ann1Dn.exe.intermediate.manifest
         All outputs are up-to-date.
       LinkEmbedManifest:
         All outputs are up-to-date.
         ann1Dn.vcxproj -> C:\Users\Administrator\Documents\GitHub\SpeechRecognition\ANN\Debug\ann1Dn.exe
       FinalizeBuildStatus:
         Deleting file "Debug\ann1Dn.unsuccessfulbuild".
         Touching "Debug\ann1Dn.lastbuildstate".
     1>Done Building Project "C:\Users\Administrator\Documents\GitHub\SpeechRecognition\ANN\ann1Dn.vcxproj" (build target(s)).

Build succeeded.

Time Elapsed 00:01:29.15
